<?xml version="1.0" encoding="UTF-8"?>
<testsuites name="Mocha Tests" time="0.0000" tests="1" failures="1">
  <testsuite name="Root Suite" timestamp="2021-08-02T12:18:02" tests="0" time="0.0000" failures="0">
  </testsuite>
  <testsuite name="testing routing.js" timestamp="2021-08-02T12:18:02" tests="1" file="C:\Users\manimozhi.murugan\total\BackEnd\test\routing.spec.js" time="0.0000" failures="1">
    <testcase name="testing routing.js testing /products" time="0.0000" classname="testing /products">
      <failure message="app.s is not a function" type="TypeError"><![CDATA[TypeError: app.s is not a function
    at Context.<anonymous> (test\routing.spec.js:11:19)
    at processImmediate (node:internal/timers:464:21)]]></failure>
    </testcase>
  </testsuite>
</testsuites>